  sender.cc
c:\users\connor\documents\github\arucounity\tutorial\tutorial\sender.cc(101): warning C4477: 'printf' : format string '%d' requires an argument of type 'int', but variadic argument 1 has type 'SOCKET'
  c:\users\connor\documents\github\arucounity\tutorial\tutorial\sender.cc(101): note: consider using '%lld' in the format string
  c:\users\connor\documents\github\arucounity\tutorial\tutorial\sender.cc(101): note: consider using '%Id' in the format string
  c:\users\connor\documents\github\arucounity\tutorial\tutorial\sender.cc(101): note: consider using '%I64d' in the format string
c:\users\connor\documents\github\arucounity\tutorial\tutorial\sender.cc(132): warning C4267: 'argument': conversion from 'size_t' to 'int', possible loss of data
c:\users\connor\documents\github\arucounity\tutorial\tutorial\sender.cc(146): warning C4267: 'argument': conversion from 'size_t' to 'int', possible loss of data
  opencv_helper.cpp
  main.cpp
c:\users\connor\documents\github\arucounity\tutorial\tutorial\main.cpp(66): warning C4305: 'argument': truncation from 'double' to 'float'
c:\users\connor\documents\github\arucounity\tutorial\tutorial\main.cpp(72): warning C4305: 'argument': truncation from 'double' to 'float'
c:\users\connor\documents\github\arucounity\tutorial\tutorial\main.cpp(109): warning C4305: 'argument': truncation from 'double' to 'float'
c:\users\connor\documents\github\arucounity\tutorial\tutorial\main.cpp(110): warning C4305: 'argument': truncation from 'double' to 'float'
c:\users\connor\documents\github\arucounity\tutorial\tutorial\main.cpp(116): warning C4305: 'argument': truncation from 'double' to 'float'
c:\users\connor\documents\github\arucounity\tutorial\tutorial\main.cpp(118): warning C4305: 'argument': truncation from 'double' to 'float'
  Generating Code...
c:\users\connor\documents\github\arucounity\tutorial\tutorial\opencv_helper.cpp(66): warning C4715: 'loadCameraParameters': not all control paths return a value
main.obj : error LNK2019: unresolved external symbol "void __cdecl cv::fastFree(void *)" (?fastFree@cv@@YAXPEAX@Z) referenced in function "public: __cdecl cv::Mat::~Mat(void)" (??1Mat@cv@@QEAA@XZ)
opencv_helper.obj : error LNK2001: unresolved external symbol "void __cdecl cv::fastFree(void *)" (?fastFree@cv@@YAXPEAX@Z)
main.obj : error LNK2019: unresolved external symbol "private: char * __cdecl cv::String::allocate(unsigned __int64)" (?allocate@String@cv@@AEAAPEAD_K@Z) referenced in function "public: __cdecl cv::String::String(char const *)" (??0String@cv@@QEAA@PEBD@Z)
opencv_helper.obj : error LNK2001: unresolved external symbol "private: char * __cdecl cv::String::allocate(unsigned __int64)" (?allocate@String@cv@@AEAAPEAD_K@Z)
main.obj : error LNK2019: unresolved external symbol "private: void __cdecl cv::String::deallocate(void)" (?deallocate@String@cv@@AEAAXXZ) referenced in function "public: __cdecl cv::String::~String(void)" (??1String@cv@@QEAA@XZ)
opencv_helper.obj : error LNK2001: unresolved external symbol "private: void __cdecl cv::String::deallocate(void)" (?deallocate@String@cv@@AEAAXXZ)
main.obj : error LNK2019: unresolved external symbol "void __cdecl cv::error(int,class cv::String const &,char const *,char const *,int)" (?error@cv@@YAXHAEBVString@1@PEBD1H@Z) referenced in function "public: double & __cdecl cv::Vec<double,3>::operator[](int)" (??A?$Vec@N$02@cv@@QEAAAEANH@Z)
opencv_helper.obj : error LNK2001: unresolved external symbol "void __cdecl cv::error(int,class cv::String const &,char const *,char const *,int)" (?error@cv@@YAXHAEBVString@1@PEBD1H@Z)
main.obj : error LNK2019: unresolved external symbol "class cv::debug_build_guard::_InputOutputArray const & __cdecl cv::noArray(void)" (?noArray@cv@@YAAEBV_InputOutputArray@debug_build_guard@1@XZ) referenced in function "void __cdecl videoDetect(void)" (?videoDetect@@YAXXZ)
opencv_helper.obj : error LNK2001: unresolved external symbol "class cv::debug_build_guard::_InputOutputArray const & __cdecl cv::noArray(void)" (?noArray@cv@@YAAEBV_InputOutputArray@debug_build_guard@1@XZ)
main.obj : error LNK2019: unresolved external symbol "public: void __cdecl cv::Mat::copyTo(class cv::debug_build_guard::_OutputArray const &)const " (?copyTo@Mat@cv@@QEBAXAEBV_OutputArray@debug_build_guard@2@@Z) referenced in function "void __cdecl videoDetect(void)" (?videoDetect@@YAXXZ)
main.obj : error LNK2019: unresolved external symbol "public: void __cdecl cv::Mat::deallocate(void)" (?deallocate@Mat@cv@@QEAAXXZ) referenced in function "public: void __cdecl cv::Mat::release(void)" (?release@Mat@cv@@QEAAXXZ)
opencv_helper.obj : error LNK2001: unresolved external symbol "public: void __cdecl cv::Mat::deallocate(void)" (?deallocate@Mat@cv@@QEAAXXZ)
main.obj : error LNK2019: unresolved external symbol "void __cdecl cv::aruco::estimatePoseSingleMarkers(class cv::debug_build_guard::_InputArray const &,float,class cv::debug_build_guard::_InputArray const &,class cv::debug_build_guard::_InputArray const &,class cv::debug_build_guard::_OutputArray const &,class cv::debug_build_guard::_OutputArray const &,class cv::debug_build_guard::_OutputArray const &)" (?estimatePoseSingleMarkers@aruco@cv@@YAXAEBV_InputArray@debug_build_guard@2@M00AEBV_OutputArray@42@11@Z) referenced in function "void __cdecl videoDetect(void)" (?videoDetect@@YAXXZ)
main.obj : error LNK2019: unresolved external symbol "void __cdecl cv::aruco::drawAxis(class cv::debug_build_guard::_InputOutputArray const &,class cv::debug_build_guard::_InputArray const &,class cv::debug_build_guard::_InputArray const &,class cv::debug_build_guard::_InputArray const &,class cv::debug_build_guard::_InputArray const &,float)" (?drawAxis@aruco@cv@@YAXAEBV_InputOutputArray@debug_build_guard@2@AEBV_InputArray@42@111M@Z) referenced in function "void __cdecl videoDetect(void)" (?videoDetect@@YAXXZ)
main.obj : error LNK2019: unresolved external symbol "public: __cdecl cv::VideoCapture::VideoCapture(void)" (??0VideoCapture@cv@@QEAA@XZ) referenced in function "void __cdecl videoDetect(void)" (?videoDetect@@YAXXZ)
main.obj : error LNK2019: unresolved external symbol "public: virtual __cdecl cv::VideoCapture::~VideoCapture(void)" (??1VideoCapture@cv@@UEAA@XZ) referenced in function "void __cdecl videoDetect(void)" (?videoDetect@@YAXXZ)
main.obj : error LNK2019: unresolved external symbol "public: virtual bool __cdecl cv::VideoCapture::open(int)" (?open@VideoCapture@cv@@UEAA_NH@Z) referenced in function "void __cdecl videoDetect(void)" (?videoDetect@@YAXXZ)
main.obj : error LNK2019: unresolved external symbol "public: virtual bool __cdecl cv::VideoCapture::grab(void)" (?grab@VideoCapture@cv@@UEAA_NXZ) referenced in function "void __cdecl videoDetect(void)" (?videoDetect@@YAXXZ)
main.obj : error LNK2019: unresolved external symbol "public: virtual bool __cdecl cv::VideoCapture::retrieve(class cv::debug_build_guard::_OutputArray const &,int)" (?retrieve@VideoCapture@cv@@UEAA_NAEBV_OutputArray@debug_build_guard@2@H@Z) referenced in function "void __cdecl videoDetect(void)" (?videoDetect@@YAXXZ)
main.obj : error LNK2019: unresolved external symbol "int __cdecl cv::waitKey(int)" (?waitKey@cv@@YAHH@Z) referenced in function "void __cdecl videoDetect(void)" (?videoDetect@@YAXXZ)
main.obj : error LNK2019: unresolved external symbol "void __cdecl cv::imshow(class cv::String const &,class cv::debug_build_guard::_InputArray const &)" (?imshow@cv@@YAXAEBVString@1@AEBV_InputArray@debug_build_guard@1@@Z) referenced in function "void __cdecl videoDetect(void)" (?videoDetect@@YAXXZ)
opencv_helper.obj : error LNK2019: unresolved external symbol "public: __cdecl cv::FileStorage::FileStorage(class cv::String const &,int,class cv::String const &)" (??0FileStorage@cv@@QEAA@AEBVString@1@H0@Z) referenced in function "int __cdecl loadCameraParameters(class cv::Mat &,class cv::Mat &,class std::basic_string<char,struct std::char_traits<char>,class std::allocator<char> >)" (?loadCameraParameters@@YAHAEAVMat@cv@@0V?$basic_string@DU?$char_traits@D@std@@V?$allocator@D@2@@std@@@Z)
opencv_helper.obj : error LNK2019: unresolved external symbol "public: virtual __cdecl cv::FileStorage::~FileStorage(void)" (??1FileStorage@cv@@UEAA@XZ) referenced in function "int __cdecl loadCameraParameters(class cv::Mat &,class cv::Mat &,class std::basic_string<char,struct std::char_traits<char>,class std::allocator<char> >)" (?loadCameraParameters@@YAHAEAVMat@cv@@0V?$basic_string@DU?$char_traits@D@std@@V?$allocator@D@2@@std@@@Z)
opencv_helper.obj : error LNK2019: unresolved external symbol "public: virtual bool __cdecl cv::FileStorage::isOpened(void)const " (?isOpened@FileStorage@cv@@UEBA_NXZ) referenced in function "int __cdecl loadCameraParameters(class cv::Mat &,class cv::Mat &,class std::basic_string<char,struct std::char_traits<char>,class std::allocator<char> >)" (?loadCameraParameters@@YAHAEAVMat@cv@@0V?$basic_string@DU?$char_traits@D@std@@V?$allocator@D@2@@std@@@Z)
opencv_helper.obj : error LNK2019: unresolved external symbol "public: virtual void __cdecl cv::FileStorage::release(void)" (?release@FileStorage@cv@@UEAAXXZ) referenced in function "int __cdecl loadCameraParameters(class cv::Mat &,class cv::Mat &,class std::basic_string<char,struct std::char_traits<char>,class std::allocator<char> >)" (?loadCameraParameters@@YAHAEAVMat@cv@@0V?$basic_string@DU?$char_traits@D@std@@V?$allocator@D@2@@std@@@Z)
opencv_helper.obj : error LNK2019: unresolved external symbol "public: class cv::FileNode __cdecl cv::FileStorage::operator[](char const *)const " (??AFileStorage@cv@@QEBA?AVFileNode@1@PEBD@Z) referenced in function "int __cdecl loadCameraParameters(class cv::Mat &,class cv::Mat &,class std::basic_string<char,struct std::char_traits<char>,class std::allocator<char> >)" (?loadCameraParameters@@YAHAEAVMat@cv@@0V?$basic_string@DU?$char_traits@D@std@@V?$allocator@D@2@@std@@@Z)
opencv_helper.obj : error LNK2019: unresolved external symbol "void __cdecl cv::read(class cv::FileNode const &,int &,int)" (?read@cv@@YAXAEBVFileNode@1@AEAHH@Z) referenced in function "void __cdecl cv::operator>><int>(class cv::FileNode const &,int &)" (??$?5H@cv@@YAXAEBVFileNode@0@AEAH@Z)
opencv_helper.obj : error LNK2019: unresolved external symbol "void __cdecl cv::read(class cv::FileNode const &,class cv::Mat &,class cv::Mat const &)" (?read@cv@@YAXAEBVFileNode@1@AEAVMat@1@AEBV31@@Z) referenced in function "void __cdecl cv::operator>><class cv::Mat>(class cv::FileNode const &,class cv::Mat &)" (??$?5VMat@cv@@@cv@@YAXAEBVFileNode@0@AEAVMat@0@@Z)
opencv_helper.obj : error LNK2019: unresolved external symbol "public: static struct cv::Ptr<class cv::Formatter> __cdecl cv::Formatter::get(int)" (?get@Formatter@cv@@SA?AU?$Ptr@VFormatter@cv@@@2@H@Z) referenced in function "class std::basic_ostream<char,struct std::char_traits<char> > & __cdecl cv::operator<<(class std::basic_ostream<char,struct std::char_traits<char> > &,class cv::Mat const &)" (??6cv@@YAAEAV?$basic_ostream@DU?$char_traits@D@std@@@std@@AEAV12@AEBVMat@0@@Z)
opencv_helper.obj : error LNK2019: unresolved external symbol "struct cv::Ptr<class cv::aruco::Dictionary> __cdecl cv::aruco::getPredefinedDictionary(enum cv::aruco::PREDEFINED_DICTIONARY_NAME)" (?getPredefinedDictionary@aruco@cv@@YA?AU?$Ptr@VDictionary@aruco@cv@@@2@W4PREDEFINED_DICTIONARY_NAME@12@@Z) referenced in function "void __cdecl createMarker(int)" (?createMarker@@YAXH@Z)
opencv_helper.obj : error LNK2019: unresolved external symbol "public: __cdecl cv::aruco::DetectorParameters::DetectorParameters(void)" (??0DetectorParameters@aruco@cv@@QEAA@XZ) referenced in function "void __cdecl detectMarker(class std::vector<int,class std::allocator<int> > &,class cv::Mat &,class std::vector<class std::vector<class cv::Point_<float>,class std::allocator<class cv::Point_<float> > >,class std::allocator<class std::vector<class cv::Point_<float>,class std::allocator<class cv::Point_<float> > > > > &)" (?detectMarker@@YAXAEAV?$vector@HV?$allocator@H@std@@@std@@AEAVMat@cv@@AEAV?$vector@V?$vector@V?$Point_@M@cv@@V?$allocator@V?$Point_@M@cv@@@std@@@std@@V?$allocator@V?$vector@V?$Point_@M@cv@@V?$allocator@V?$Point_@M@cv@@@std@@@std@@@2@@2@@Z)
opencv_helper.obj : error LNK2019: unresolved external symbol "void __cdecl cv::aruco::detectMarkers(class cv::debug_build_guard::_InputArray const &,struct cv::Ptr<class cv::aruco::Dictionary> const &,class cv::debug_build_guard::_OutputArray const &,class cv::debug_build_guard::_OutputArray const &,struct cv::Ptr<struct cv::aruco::DetectorParameters> const &,class cv::debug_build_guard::_OutputArray const &,class cv::debug_build_guard::_InputArray const &,class cv::debug_build_guard::_InputArray const &)" (?detectMarkers@aruco@cv@@YAXAEBV_InputArray@debug_build_guard@2@AEBU?$Ptr@VDictionary@aruco@cv@@@2@AEBV_OutputArray@42@2AEBU?$Ptr@UDetectorParameters@aruco@cv@@@2@200@Z) referenced in function "void __cdecl detectMarker(class std::vector<int,class std::allocator<int> > &,class cv::Mat &,class std::vector<class std::vector<class cv::Point_<float>,class std::allocator<class cv::Point_<float> > >,class std::allocator<class std::vector<class cv::Point_<float>,class std::allocator<class cv::Point_<float> > > > > &)" (?detectMarker@@YAXAEAV?$vector@HV?$allocator@H@std@@@std@@AEAVMat@cv@@AEAV?$vector@V?$vector@V?$Point_@M@cv@@V?$allocator@V?$Point_@M@cv@@@std@@@std@@V?$allocator@V?$vector@V?$Point_@M@cv@@V?$allocator@V?$Point_@M@cv@@@std@@@std@@@2@@2@@Z)
opencv_helper.obj : error LNK2019: unresolved external symbol "void __cdecl cv::aruco::drawDetectedMarkers(class cv::debug_build_guard::_InputOutputArray const &,class cv::debug_build_guard::_InputArray const &,class cv::debug_build_guard::_InputArray const &,class cv::Scalar_<double>)" (?drawDetectedMarkers@aruco@cv@@YAXAEBV_InputOutputArray@debug_build_guard@2@AEBV_InputArray@42@1V?$Scalar_@N@2@@Z) referenced in function "void __cdecl detectMarker(class std::vector<int,class std::allocator<int> > &,class cv::Mat &,class std::vector<class std::vector<class cv::Point_<float>,class std::allocator<class cv::Point_<float> > >,class std::allocator<class std::vector<class cv::Point_<float>,class std::allocator<class cv::Point_<float> > > > > &)" (?detectMarker@@YAXAEAV?$vector@HV?$allocator@H@std@@@std@@AEAVMat@cv@@AEAV?$vector@V?$vector@V?$Point_@M@cv@@V?$allocator@V?$Point_@M@cv@@@std@@@std@@V?$allocator@V?$vector@V?$Point_@M@cv@@V?$allocator@V?$Point_@M@cv@@@std@@@std@@@2@@2@@Z)
opencv_helper.obj : error LNK2019: unresolved external symbol "void __cdecl cv::aruco::drawMarker(struct cv::Ptr<class cv::aruco::Dictionary> const &,int,int,class cv::debug_build_guard::_OutputArray const &,int)" (?drawMarker@aruco@cv@@YAXAEBU?$Ptr@VDictionary@aruco@cv@@@2@HHAEBV_OutputArray@debug_build_guard@2@H@Z) referenced in function "void __cdecl createMarker(int)" (?createMarker@@YAXH@Z)
opencv_helper.obj : error LNK2019: unresolved external symbol "bool __cdecl cv::imwrite(class cv::String const &,class cv::debug_build_guard::_InputArray const &,class std::vector<int,class std::allocator<int> > const &)" (?imwrite@cv@@YA_NAEBVString@1@AEBV_InputArray@debug_build_guard@1@AEBV?$vector@HV?$allocator@H@std@@@std@@@Z) referenced in function "void __cdecl createMarker(int)" (?createMarker@@YAXH@Z)
C:\Users\connor\Documents\GitHub\ArucoUnity\Tutorial\x64\Debug\Tutorial.exe : fatal error LNK1120: 30 unresolved externals
